2024-12-14 01:22:02,822 - INFO - Selected feed: https://www.nist.gov/news-events/Advanced%20communications/rss.xml
2024-12-14 01:22:03,252 - INFO - Found article: 3 NIST Researchers Receive Presidential Rank Awards
2024-12-14 01:22:04,892 - INFO - Generated tweet: 🏆 Big congrats to 3 @NIST researchers for snagging the highest honor - the **Distinguished Rank** Presidential Award! Their dedication to science is truly inspiring. Read more about their incredible achievements here: [URL] #Science #Innovation #Awards
2024-12-14 01:22:05,174 - INFO - Tweet posted successfully: {'data': {'edit_history_tweet_ids': ['1867741817984446745'], 'id': '1867741817984446745', 'text': '🏆 Big congrats to 3 @NIST researchers for snagging the highest honor - the **Distinguished Rank** Presidential Award! Their dedication to science is truly inspiring. Read more about their incredible achievements here: [URL] #Science #Innovation #Awards'}}
2024-12-14 01:22:05,174 - INFO - Updated article history
2024-12-14 01:27:15,273 - INFO - Selected feed: https://www.kali.org/rss.xml
2024-12-14 01:27:16,235 - INFO - Found article: Contributing to Kali
2024-12-14 01:27:17,407 - INFO - Generated tweet: Ever wondered how you can contribute to Kali Linux? From documentation to hardware testing, there are multiple ways to pitch in! Dive into the community and make your mark. Learn how at [URL] #KaliLinux #OpenSource #Contribute
2024-12-14 01:27:17,683 - INFO - Tweet posted successfully: {'data': {'edit_history_tweet_ids': ['1867743128813232318'], 'id': '1867743128813232318', 'text': 'Ever wondered how you can contribute to Kali Linux? From documentation to hardware testing, there are multiple ways to pitch in! Dive into the community and make your mark. Learn how at https://t.co/BIobG6EfMh #KaliLinux #OpenSource #Contribute'}}
2024-12-14 01:27:17,684 - INFO - Updated article history
2024-12-14 02:53:08,086 - INFO - Selected feed: https://www.fluentd.org/blog/feed.rss
2024-12-14 02:53:08,297 - INFO - Found article: fluent-package v5.2.0 has been released
2024-12-14 02:53:10,716 - INFO - Generated tweet: 🚀 Big news for #Fluentd users! 🎉 fluent-package v5.2.0 is out, bringing zero-downtime upgrades and more! 🛠️ Check out the latest updates here: [https://www.fluentd.org/blog/fluent-package-v5.2.0-has-been-released](https://www.fluentd.org/blog/fluent-package-v5.2.0-has-been-released) #Logging #DevOps #TechUpdate
2024-12-14 02:53:10,997 - INFO - Tweet posted successfully: {'data': {'id': '1867764743265825215', 'text': '🚀 Big news for #Fluentd users! 🎉 fluent-package v5.2.0 is out, bringing zero-downtime upgrades and more! 🛠️ Check out the latest updates here: [https://t.co/CHwHSFDa7l](https://t.co/CHwHSFDa7l) #Logging #DevOps #TechUpdate', 'edit_history_tweet_ids': ['1867764743265825215']}}
2024-12-14 02:53:10,997 - INFO - Updated article history
2024-12-14 03:24:51,931 - INFO - Selected feed: https://blog.sqlauthority.com/feed/
2024-12-14 03:24:52,657 - INFO - Found article: Apache Spark and Airflow in Action : My Experience
2024-12-14 03:24:55,069 - INFO - Generated tweet: Here's an engaging tweet about the article:

Dive into the world of big data with me! I've been working with Apache Spark and Airflow, and let me tell you, they're a game-changer! From speeding up data processing to scheduling tasks effortlessly, these tools are amazing. Check out my experience: [https://blog.sqlauthority.com/2024/11/28/apache-spark-and-airflow-in-action-my-experience/](#) #DataScience #ApacheSpark #ApacheAirflow
2024-12-14 03:24:55,343 - INFO - Tweet posted successfully: {'data': {'id': '1867772730818302122', 'edit_history_tweet_ids': ['1867772730818302122'], 'text': "Here's an engaging tweet about the article:\n\nDive into the world of big data with me! I've been working with Apache Spark and Airflow, and let me tell you, they're a game-changer! From speeding up data processing to scheduling tasks effortlessly, these tools are amazing. Check…"}}
2024-12-14 03:24:55,344 - INFO - Updated article history
2024-12-14 04:13:58,592 - INFO - Selected feed: https://www.smartdatacollective.com/feed/
2024-12-14 04:13:59,205 - INFO - Found article: AI Is Crucial for Improving Anti-Counterfeiting Systems
2024-12-14 04:14:01,114 - INFO - Generated tweet: Just read this eye-opening article on how AI is stepping up to tackle counterfeiting! 🕵️‍♂️ From smart authentication to real-time monitoring, AI's got the tools to keep fakes at bay. Dive in to see how tech is shaping a safer market ➡️ https://www.smartdatacollective.com/ai-is-crucial-for-improving-anti-counterfeiting-systems/ #AI #AntiCounterfeit #TechForGood
2024-12-14 04:14:01,442 - INFO - Tweet posted successfully: {'data': {'id': '1867785087523180924', 'text': "Just read this eye-opening article on how AI is stepping up to tackle counterfeiting! 🕵️\u200d♂️ From smart authentication to real-time monitoring, AI's got the tools to keep fakes at bay. Dive in to see how tech is shaping a safer market ➡️ https://t.co/oMX0po7qwq #AI #AntiCounterfeit…", 'edit_history_tweet_ids': ['1867785087523180924']}}
2024-12-14 04:14:01,442 - INFO - Updated article history
2024-12-14 05:10:58,169 - INFO - Selected feed: https://www.datadoghq.com/blog/engineering/index.xml
2024-12-14 05:10:58,320 - INFO - Found article: How we use formal modeling, lightweight simulations, and chaos testing to design reliable distributed systems
2024-12-14 05:11:00,056 - INFO - Generated tweet: 🚨 Ever wonder how complex systems are designed to avoid outages? 📉 Datadog shares their journey through formal modeling and chaos testing to build more reliable distributed systems. A must-read for tech enthusiasts! [URL: https://www.datadoghq.com/blog/engineering/formal-modeling-and-simulation/] #Tech #Engineering #SystemDesign
2024-12-14 05:11:00,433 - INFO - Tweet posted successfully: {'data': {'id': '1867799427680784805', 'edit_history_tweet_ids': ['1867799427680784805'], 'text': '🚨 Ever wonder how complex systems are designed to avoid outages? 📉 Datadog shares their journey through formal modeling and chaos testing to build more reliable distributed systems. A must-read for tech enthusiasts! [URL: https://t.co/wISx5px2VH] #Tech #Engineering…'}}
2024-12-14 05:11:00,434 - INFO - Updated article history
2024-12-14 06:20:24,003 - INFO - Selected feed: http://loc.gov/rss/copyright/mma.xml
2024-12-14 06:20:24,756 - INFO - Found article: U.S. Copyright Office Extends Deadline for Reply Comments on its Rulemaking on Termination Rights and the Music Modernization Act
2024-12-14 06:20:26,895 - INFO - Generated tweet: 🚨 Attention music creators! The U.S. Copyright Office just extended the deadline for reply comments on termination rights and the Music Modernization Act to December 5th, 2023. 📅 Dive in and make your voice heard! Learn more at [URL](https://content.govdelivery.com/accounts/USLOCCOPYRIGHT/bulletins/37b6f8d). #MusicRights #CopyrightLaw
2024-12-14 06:20:27,202 - INFO - Tweet posted successfully: {'data': {'id': '1867816904578281768', 'edit_history_tweet_ids': ['1867816904578281768'], 'text': '🚨 Attention music creators! The U.S. Copyright Office just extended the deadline for reply comments on termination rights and the Music Modernization Act to December 5th, 2023. 📅 Dive in and make your voice heard! Learn more at [URL](https://t.co/3UNQWZBXQD). #MusicRights…'}}
2024-12-14 06:20:27,203 - INFO - Updated article history
2024-12-14 08:13:51,967 - INFO - Selected feed: https://www.copyright.gov/rss/creativity.xml
2024-12-14 08:13:52,290 - INFO - Found article: Celebrating Native American History Month: The Life and Legacy of Native American Artist Woody Crumbo
2024-12-14 08:13:54,982 - INFO - Generated tweet: Here's a tweet about the article:

"Delve into the rich legacy of Woody Crumbo, a Native American artist, educator, and flutist, as we celebrate Native American Heritage Month. His life's work continues to inspire and preserve Native culture. 🎨📚 [URL]" 

URL: **https://blogs.loc.gov/copyright/2024/11/celebrating-native-american-history-month-the-life-and-legacy-of-native-american-artist-woody-crumbo/?loclr=eacop**
2024-12-14 08:13:55,314 - INFO - Tweet posted successfully: {'data': {'text': 'Here\'s a tweet about the article:\n\n"Delve into the rich legacy of Woody Crumbo, a Native American artist, educator, and flutist, as we celebrate Native American Heritage Month. His life\'s work continues to inspire and preserve Native culture. 🎨📚 https://t.co/fRmzlt91bW" \n\nURL:…', 'edit_history_tweet_ids': ['1867845459814789597'], 'id': '1867845459814789597'}}
2024-12-14 08:13:55,315 - INFO - Updated article history
